[684221, 607384, 622370, 571512, 541371, 700309, 538369, 610845, 632007, 667108]
出版
增长
京剧
爸爸
恋情
表现
厦门
事故
业者
飞机
水质
系统
政策
资金
电商
上映
观众
协会
主席
总决赛
公安机关
活动
天气
禁区
照片
女性
行业
报道
马力
退役
球队
收盘
队伍
俄罗斯
失误
建设
销售
依法
选手
下跌
留言
告诉
油气
预计
感情
球场
防治
运动员
生态
议员
老师
台商
演唱会
空气质量
增压
发布会
协商
母亲
拍卖
民族
农村
歌曲
编剧
好友
湖人
风险
机构
韩国
制度
电价
能源
标致
死亡
客场
主演
新台币
医院
监督
项目
旅客
媒体
中央
书法
战略
产能
社会
创业
网络
污染
铁路
开放
女排
领导
父母
大陆
普京
伊斯兰
相关
故事
澳大利亚
书记
轿车
委员
机油
发现
结婚
长安
组织
球迷
博物馆
德国
领域
赛事
福特
扶贫
群众
击败
警方
冠军
出场
东风
父亲
土耳其
裁判
卫视
变速箱
机动车
互联网
成本
拿下
演员
执政
有限公司
中心
电影节
偶像
日本
乘用车
女士
保护
印度
体育
朋友
新北市
投资者
石油
全国
进球
亚洲
实施
演唱
影响
数据
高雄市
价值
召回
电影
垃圾
自主
法国
合作
电视剧
电动汽车
巴西
影片
美国
包括
故宫
历史
篮板
得分
概念车
增加
工作人员
政治
运动
艺术
小说
阅读
女友
尺寸
广州
主持
创新
总统
电站
家长
消费
股价指数
代表
奥巴马
领先
食品
粉丝
采访
推进
下调
污染物
南京
出口
发生
资本
会议
功率
整车
发展
油价
充电
会谈
主持人
管理
车身
整体
采用
婚礼
技艺
绘画
希望
生活
成都
西班牙
海峡
银行
同胞
诗歌
网站
故宫博物院
提供
改革
比赛
案件
足球
对阵
集团
学生
空间
图书
移民
小组赛
解决
台胞
欧洲
人物
戏曲
规模
小区
怀孕
检查
遗址
时尚
融资
表演
对手
舞台
村民
福建
袭击
调价
饰演
考古
车辆
涡轮
实力
以色列
民众
上海
夺冠
妈妈
司机
专家
主场
战胜
选举
剧本
城市
宣传
投资
事件
本场
球员
展出
艺人
金门
指出
观光
地震
播出
执教
减少
提升
炸弹
出土
剧情
内地
平台
戏剧
市民
研究
制裁
受伤
全球
进口
座椅
外援
篮球
功能
乘客
行政院
提出
增速
学习
亮相
手机
协议
法案
上涨
内饰
天然气
菲律宾
电动
消息
展览
收藏
开心
上市
妻子
合资
中国
标准
社区
交流
内容
参选
录制
救援
时分
主帅
男友
管道
驾驶
上调
企业
文学
显示
地方
商品
感兴趣
决赛
喜欢
写作
拍戏
导演
论坛
报警
规划
台湾
传统
台南
文化
英国
监管
网友
朝鲜
俱乐部
助攻
现场
经济
被告人
意见
推动
出演
节目
空气
伊朗
参加
意大利
巴萨
点球
传承
公司
股市
用电
叙利亚
物流
车主
犯罪
队员
建筑
业务
时代
工作
新能源
加盟
国际
剧院
孩子
新款
北京
配备
费用
扭矩
司法
节能
改造
游泳
物质
网球
信息
进攻
搭载
人民
技术
机场
女子
学校
主题
女儿
喜剧
负责人
出席
计划
汽车
电动车
太阳能
支付
声音
金额
国会
成绩
台资
配置
举办
爱情
嫌疑人
总理
治理
收入
两岸关系
造型
透露
人民币
混合
核电
社会主义
加权
电网
家属
重点
游客
台北
贸易
价格
地区
单位
防守
排放
优惠
小组
成品油
产品
部门
派出所
当局
官员
泰国
电话
作品
科技
男篮
情况
拿到
结束
介绍
伦敦
关系
原油
男子
风电
图片
台北市
市长
交通
歌手
胜利
视频
好莱坞
品牌
农业
展示
回应
用户
大众
金融
曼联
动力
文物
旅游
外观
球星
检方
台湾地区
总书记
时间
更换
民警
爆料
机会
整改
资产
制造
交易
汽油
发电
精神
离婚
奔驰
应急
音乐
金牌
编辑
设计
大学
煤炭
页岩
客户
调整
转会
委员会
医生
台中市
气温
调查
台独
时期
半决赛
产业
赛场
议题
售价
队友
武装
基金
票房
发掘
销量
文化遗产
角色
领导人
工程
候选人
智能
教练
住房
接受
居民
小时
国家
事发
嘉宾
读者
利用
青春
开发
作家
法院
剧中
诈骗
服务
创作
月份
爆炸
职业
剧组
支持
下降
老人
投票
经销商
风格
世界
电力
制作
日军
分手
微信
环境
人员
性能
演出
香港
责任
艺术家
生产
访问
参赛
患者
监测
状态
皇马
减排
工厂
抓获
推出
成交
资源
儿子
难民
治疗
开盘
训练
团伙
机制
煤矿
防务
需求
购车
报告
教育
消费者
名单
脱贫
制造业
国产
话剧
主教练
海峡两岸
工业
干部
联赛
发动机
自动
产量
政府
保养
现款
新车
声明
台当局
作者
经纪人
拍摄
指数
大选
贷款
警察
经典
市场
维护
一带
补贴
排名
导致
文物保护
污水
谈判
共识
车型
